Flow report for Enhanced_Processor
Wed Jan  8 11:59:41 2025
Quartus Prime Version 23.1std.1 Build 993 05/14/2024 SC Lite Edition


---------------------
; Table of Contents ;
---------------------
  1. Legal Notice
  2. Flow Summary
  3. Flow Settings
  4. Flow Non-Default Global Settings
  5. Flow Elapsed Time
  6. Flow OS Summary
  7. Flow Log
  8. Flow Messages
  9. Flow Suppressed Messages



----------------
; Legal Notice ;
----------------
Copyright (C) 2024  Intel Corporation. All rights reserved.
Your use of Intel Corporation's design tools, logic functions 
and other software and tools, and any partner logic 
functions, and any output files from any of the foregoing 
(including device programming or simulation files), and any 
associated documentation or information are expressly subject 
to the terms and conditions of the Intel Program License 
Subscription Agreement, the Intel Quartus Prime License Agreement,
the Intel FPGA IP License Agreement, or other applicable license
agreement, including, without limitation, that your use is for
the sole purpose of programming logic devices manufactured by
Intel and sold by Intel or its authorized distributors.  Please
refer to the applicable agreement for further details, at
https://fpgasoftware.intel.com/eula.



+-------------------------------------------------------------------------------------+
; Flow Summary                                                                        ;
+------------------------------------+------------------------------------------------+
; Flow Status                        ; Successful - Wed Jan  8 11:59:41 2025          ;
; Quartus Prime Version              ; 23.1std.1 Build 993 05/14/2024 SC Lite Edition ;
; Revision Name                      ; Enhanced_Processor                             ;
; Top-level Entity Name              ; Enhanced_Processor                             ;
; Family                             ; MAX 10                                         ;
; Device                             ; 10M08DAF484C8G                                 ;
; Timing Models                      ; Final                                          ;
; Total logic elements               ; 102 / 8,064 ( 1 % )                            ;
;     Total combinational functions  ; 99 / 8,064 ( 1 % )                             ;
;     Dedicated logic registers      ; 53 / 8,064 ( < 1 % )                           ;
; Total registers                    ; 53                                             ;
; Total pins                         ; 34 / 250 ( 14 % )                              ;
; Total virtual pins                 ; 0                                              ;
; Total memory bits                  ; 0 / 387,072 ( 0 % )                            ;
; Embedded Multiplier 9-bit elements ; 0 / 48 ( 0 % )                                 ;
; Total PLLs                         ; 0 / 2 ( 0 % )                                  ;
; UFM blocks                         ; 0 / 1 ( 0 % )                                  ;
; ADC blocks                         ; 0 / 1 ( 0 % )                                  ;
+------------------------------------+------------------------------------------------+


+-----------------------------------------+
; Flow Settings                           ;
+-------------------+---------------------+
; Option            ; Setting             ;
+-------------------+---------------------+
; Start date & time ; 01/08/2025 11:57:32 ;
; Main task         ; Compilation         ;
; Revision Name     ; Enhanced_Processor  ;
+-------------------+---------------------+


+------------------------------------------------------------------------------------------------------------------------------------------------+
; Flow Non-Default Global Settings                                                                                                               ;
+-------------------------------------+----------------------------------------+---------------+-------------+-----------------------------------+
; Assignment Name                     ; Value                                  ; Default Value ; Entity Name ; Section Id                        ;
+-------------------------------------+----------------------------------------+---------------+-------------+-----------------------------------+
; COMPILER_SIGNATURE_ID               ; 242193882542431.173633025205360        ; --            ; --          ; --                                ;
; EDA_GENERATE_FUNCTIONAL_NETLIST     ; Off                                    ; --            ; --          ; eda_board_design_timing           ;
; EDA_GENERATE_FUNCTIONAL_NETLIST     ; Off                                    ; --            ; --          ; eda_board_design_boundary_scan    ;
; EDA_GENERATE_FUNCTIONAL_NETLIST     ; Off                                    ; --            ; --          ; eda_board_design_signal_integrity ;
; EDA_GENERATE_FUNCTIONAL_NETLIST     ; Off                                    ; --            ; --          ; eda_board_design_symbol           ;
; EDA_OUTPUT_DATA_FORMAT              ; Vhdl                                   ; --            ; --          ; eda_simulation                    ;
; EDA_SIMULATION_TOOL                 ; Custom VHDL                            ; <None>        ; --          ; --                                ;
; EDA_TIME_SCALE                      ; 1 ps                                   ; --            ; --          ; eda_simulation                    ;
; MAX_CORE_JUNCTION_TEMP              ; 85                                     ; --            ; --          ; --                                ;
; MIN_CORE_JUNCTION_TEMP              ; 0                                      ; --            ; --          ; --                                ;
; PARTITION_COLOR                     ; -- (Not supported for targeted family) ; --            ; --          ; Top                               ;
; PARTITION_FITTER_PRESERVATION_LEVEL ; -- (Not supported for targeted family) ; --            ; --          ; Top                               ;
; PARTITION_NETLIST_TYPE              ; -- (Not supported for targeted family) ; --            ; --          ; Top                               ;
; PROJECT_OUTPUT_DIRECTORY            ; output_files                           ; --            ; --          ; --                                ;
+-------------------------------------+----------------------------------------+---------------+-------------+-----------------------------------+


+--------------------------------------------------------------------------------------------------------------------------+
; Flow Elapsed Time                                                                                                        ;
+----------------------+--------------+-------------------------+---------------------+------------------------------------+
; Module Name          ; Elapsed Time ; Average Processors Used ; Peak Virtual Memory ; Total CPU Time (on all processors) ;
+----------------------+--------------+-------------------------+---------------------+------------------------------------+
; Analysis & Synthesis ; 00:00:12     ; 1.0                     ; 4919 MB             ; 00:00:28                           ;
; Fitter               ; 00:00:08     ; 1.2                     ; 6319 MB             ; 00:00:09                           ;
; Assembler            ; 00:00:01     ; 1.0                     ; 4725 MB             ; 00:00:01                           ;
; Timing Analyzer      ; 00:00:03     ; 1.3                     ; 4885 MB             ; 00:00:03                           ;
; EDA Netlist Writer   ; 00:00:01     ; 1.0                     ; 4660 MB             ; 00:00:01                           ;
; EDA Netlist Writer   ; 00:00:00     ; 1.0                     ; 4643 MB             ; 00:00:01                           ;
; EDA Netlist Writer   ; 00:00:00     ; 1.0                     ; 4660 MB             ; 00:00:01                           ;
; Total                ; 00:00:25     ; --                      ; --                  ; 00:00:44                           ;
+----------------------+--------------+-------------------------+---------------------+------------------------------------+


+------------------------------------------------------------------------------------+
; Flow OS Summary                                                                    ;
+----------------------+------------------+------------+------------+----------------+
; Module Name          ; Machine Hostname ; OS Name    ; OS Version ; Processor type ;
+----------------------+------------------+------------+------------+----------------+
; Analysis & Synthesis ; Mazen_laptop     ; Windows 10 ; 10.0       ; x86_64         ;
; Fitter               ; Mazen_laptop     ; Windows 10 ; 10.0       ; x86_64         ;
; Assembler            ; Mazen_laptop     ; Windows 10 ; 10.0       ; x86_64         ;
; Timing Analyzer      ; Mazen_laptop     ; Windows 10 ; 10.0       ; x86_64         ;
; EDA Netlist Writer   ; Mazen_laptop     ; Windows 10 ; 10.0       ; x86_64         ;
; EDA Netlist Writer   ; Mazen_laptop     ; Windows 10 ; 10.0       ; x86_64         ;
; EDA Netlist Writer   ; Mazen_laptop     ; Windows 10 ; 10.0       ; x86_64         ;
+----------------------+------------------+------------+------------+----------------+


------------
; Flow Log ;
------------
quartus_map --read_settings_files=on --write_settings_files=off Enhanced_Processor -c Enhanced_Processor
quartus_fit --read_settings_files=off --write_settings_files=off Enhanced_Processor -c Enhanced_Processor
quartus_asm --read_settings_files=off --write_settings_files=off Enhanced_Processor -c Enhanced_Processor
quartus_sta Enhanced_Processor -c Enhanced_Processor
quartus_eda --read_settings_files=off --write_settings_files=off Enhanced_Processor -c Enhanced_Processor
quartus_eda --gen_testbench --tool=modelsim_oem --format=vhdl --write_settings_files=off Enhanced_Processor -c Enhanced_Processor --vector_source="D:/Engineering/AASTMT/Engineering s(5)/Computer Architecture/resourses/mazen_thingy-main/Waveform3.vwf" --testbench_file="D:/Engineering/AASTMT/Engineering s(5)/Computer Architecture/resourses/mazen_thingy-main/simulation/qsim/Waveform3.vwf.vht"
quartus_eda --write_settings_files=off --simulation=on --functional=on --flatten_buses=off --tool=modelsim_oem --format=vhdl --output_directory="D:/Engineering/AASTMT/Engineering s(5)/Computer Architecture/resourses/mazen_thingy-main/simulation/qsim/" Enhanced_Processor -c Enhanced_Processor



