Analysis & Synthesis report for Enhanced_Processor
Wed Jan  8 11:57:43 2025
Quartus Prime Version 23.1std.1 Build 993 05/14/2024 SC Lite Edition


---------------------
; Table of Contents ;
---------------------
  1. Legal Notice
  2. Analysis & Synthesis Summary
  3. Analysis & Synthesis Settings
  4. Parallel Compilation
  5. Analysis & Synthesis Source Files Read
  6. Analysis & Synthesis Resource Usage Summary
  7. Analysis & Synthesis Resource Utilization by Entity
  8. Registers Removed During Synthesis
  9. Removed Registers Triggering Further Register Optimizations
 10. General Register Statistics
 11. Inverted Register Statistics
 12. Multiplexer Restructuring Statistics (Restructuring Performed)
 13. Port Connectivity Checks: "MEMORY:MEMORY_INSTANCE"
 14. Post-Synthesis Netlist Statistics for Top Partition
 15. Elapsed Time Per Partition
 16. Analysis & Synthesis Messages



----------------
; Legal Notice ;
----------------
Copyright (C) 2024  Intel Corporation. All rights reserved.
Your use of Intel Corporation's design tools, logic functions 
and other software and tools, and any partner logic 
functions, and any output files from any of the foregoing 
(including device programming or simulation files), and any 
associated documentation or information are expressly subject 
to the terms and conditions of the Intel Program License 
Subscription Agreement, the Intel Quartus Prime License Agreement,
the Intel FPGA IP License Agreement, or other applicable license
agreement, including, without limitation, that your use is for
the sole purpose of programming logic devices manufactured by
Intel and sold by Intel or its authorized distributors.  Please
refer to the applicable agreement for further details, at
https://fpgasoftware.intel.com/eula.



+-------------------------------------------------------------------------------------+
; Analysis & Synthesis Summary                                                        ;
+------------------------------------+------------------------------------------------+
; Analysis & Synthesis Status        ; Successful - Wed Jan  8 11:57:43 2025          ;
; Quartus Prime Version              ; 23.1std.1 Build 993 05/14/2024 SC Lite Edition ;
; Revision Name                      ; Enhanced_Processor                             ;
; Top-level Entity Name              ; Enhanced_Processor                             ;
; Family                             ; MAX 10                                         ;
; Total logic elements               ; 101                                            ;
;     Total combinational functions  ; 98                                             ;
;     Dedicated logic registers      ; 53                                             ;
; Total registers                    ; 53                                             ;
; Total pins                         ; 34                                             ;
; Total virtual pins                 ; 0                                              ;
; Total memory bits                  ; 0                                              ;
; Embedded Multiplier 9-bit elements ; 0                                              ;
; Total PLLs                         ; 0                                              ;
; UFM blocks                         ; 0                                              ;
; ADC blocks                         ; 0                                              ;
+------------------------------------+------------------------------------------------+


+------------------------------------------------------------------------------------------------------------+
; Analysis & Synthesis Settings                                                                              ;
+------------------------------------------------------------------+--------------------+--------------------+
; Option                                                           ; Setting            ; Default Value      ;
+------------------------------------------------------------------+--------------------+--------------------+
; Device                                                           ; 10M08DAF484C8G     ;                    ;
; Top-level entity name                                            ; Enhanced_Processor ; Enhanced_Processor ;
; Family name                                                      ; MAX 10             ; Cyclone V          ;
; Use smart compilation                                            ; Off                ; Off                ;
; Enable parallel Assembler and Timing Analyzer during compilation ; On                 ; On                 ;
; Enable compact report table                                      ; Off                ; Off                ;
; Restructure Multiplexers                                         ; Auto               ; Auto               ;
; Create Debugging Nodes for IP Cores                              ; Off                ; Off                ;
; Preserve fewer node names                                        ; On                 ; On                 ;
; Intel FPGA IP Evaluation Mode                                    ; Enable             ; Enable             ;
; Verilog Version                                                  ; Verilog_2001       ; Verilog_2001       ;
; VHDL Version                                                     ; VHDL_1993          ; VHDL_1993          ;
; State Machine Processing                                         ; Auto               ; Auto               ;
; Safe State Machine                                               ; Off                ; Off                ;
; Extract Verilog State Machines                                   ; On                 ; On                 ;
; Extract VHDL State Machines                                      ; On                 ; On                 ;
; Ignore Verilog initial constructs                                ; Off                ; Off                ;
; Iteration limit for constant Verilog loops                       ; 5000               ; 5000               ;
; Iteration limit for non-constant Verilog loops                   ; 250                ; 250                ;
; Add Pass-Through Logic to Inferred RAMs                          ; On                 ; On                 ;
; Infer RAMs from Raw Logic                                        ; On                 ; On                 ;
; Parallel Synthesis                                               ; On                 ; On                 ;
; DSP Block Balancing                                              ; Auto               ; Auto               ;
; NOT Gate Push-Back                                               ; On                 ; On                 ;
; Power-Up Don't Care                                              ; On                 ; On                 ;
; Remove Redundant Logic Cells                                     ; Off                ; Off                ;
; Remove Duplicate Registers                                       ; On                 ; On                 ;
; Ignore CARRY Buffers                                             ; Off                ; Off                ;
; Ignore CASCADE Buffers                                           ; Off                ; Off                ;
; Ignore GLOBAL Buffers                                            ; Off                ; Off                ;
; Ignore ROW GLOBAL Buffers                                        ; Off                ; Off                ;
; Ignore LCELL Buffers                                             ; Off                ; Off                ;
; Ignore SOFT Buffers                                              ; On                 ; On                 ;
; Limit AHDL Integers to 32 Bits                                   ; Off                ; Off                ;
; Optimization Technique                                           ; Balanced           ; Balanced           ;
; Carry Chain Length                                               ; 70                 ; 70                 ;
; Auto Carry Chains                                                ; On                 ; On                 ;
; Auto Open-Drain Pins                                             ; On                 ; On                 ;
; Perform WYSIWYG Primitive Resynthesis                            ; Off                ; Off                ;
; Auto ROM Replacement                                             ; On                 ; On                 ;
; Auto RAM Replacement                                             ; On                 ; On                 ;
; Auto DSP Block Replacement                                       ; On                 ; On                 ;
; Auto Shift Register Replacement                                  ; Auto               ; Auto               ;
; Allow Shift Register Merging across Hierarchies                  ; Auto               ; Auto               ;
; Auto Clock Enable Replacement                                    ; On                 ; On                 ;
; Strict RAM Replacement                                           ; Off                ; Off                ;
; Allow Synchronous Control Signals                                ; On                 ; On                 ;
; Force Use of Synchronous Clear Signals                           ; Off                ; Off                ;
; Auto RAM Block Balancing                                         ; On                 ; On                 ;
; Auto RAM to Logic Cell Conversion                                ; Off                ; Off                ;
; Auto Resource Sharing                                            ; Off                ; Off                ;
; Allow Any RAM Size For Recognition                               ; Off                ; Off                ;
; Allow Any ROM Size For Recognition                               ; Off                ; Off                ;
; Allow Any Shift Register Size For Recognition                    ; Off                ; Off                ;
; Use LogicLock Constraints during Resource Balancing              ; On                 ; On                 ;
; Ignore translate_off and synthesis_off directives                ; Off                ; Off                ;
; Timing-Driven Synthesis                                          ; On                 ; On                 ;
; Report Parameter Settings                                        ; On                 ; On                 ;
; Report Source Assignments                                        ; On                 ; On                 ;
; Report Connectivity Checks                                       ; On                 ; On                 ;
; Ignore Maximum Fan-Out Assignments                               ; Off                ; Off                ;
; Synchronization Register Chain Length                            ; 2                  ; 2                  ;
; Power Optimization During Synthesis                              ; Normal compilation ; Normal compilation ;
; HDL message level                                                ; Level2             ; Level2             ;
; Suppress Register Optimization Related Messages                  ; Off                ; Off                ;
; Number of Removed Registers Reported in Synthesis Report         ; 5000               ; 5000               ;
; Number of Swept Nodes Reported in Synthesis Report               ; 5000               ; 5000               ;
; Number of Inverted Registers Reported in Synthesis Report        ; 100                ; 100                ;
; Clock MUX Protection                                             ; On                 ; On                 ;
; Auto Gated Clock Conversion                                      ; Off                ; Off                ;
; Block Design Naming                                              ; Auto               ; Auto               ;
; SDC constraint protection                                        ; Off                ; Off                ;
; Synthesis Effort                                                 ; Auto               ; Auto               ;
; Shift Register Replacement - Allow Asynchronous Clear Signal     ; On                 ; On                 ;
; Pre-Mapping Resynthesis Optimization                             ; Off                ; Off                ;
; Analysis & Synthesis Message Level                               ; Medium             ; Medium             ;
; Disable Register Merging Across Hierarchies                      ; Auto               ; Auto               ;
; Resource Aware Inference For Block RAM                           ; On                 ; On                 ;
+------------------------------------------------------------------+--------------------+--------------------+


+------------------------------------------+
; Parallel Compilation                     ;
+----------------------------+-------------+
; Processors                 ; Number      ;
+----------------------------+-------------+
; Number detected on machine ; 20          ;
; Maximum allowed            ; 14          ;
;                            ;             ;
; Average used               ; 1.00        ;
; Maximum used               ; 14          ;
;                            ;             ;
; Usage by Processor         ; % Time Used ;
;     Processor 1            ; 100.0%      ;
;     Processors 2-14        ;   0.0%      ;
+----------------------------+-------------+


+--------------------------------------------------------------------------------------------------------------------------------------------------------------------------------------------------+
; Analysis & Synthesis Source Files Read                                                                                                                                                           ;
+----------------------------------+-----------------+-----------------+-----------------------------------------------------------------------------------------------------------------+---------+
; File Name with User-Entered Path ; Used in Netlist ; File Type       ; File Name with Absolute Path                                                                                    ; Library ;
+----------------------------------+-----------------+-----------------+-----------------------------------------------------------------------------------------------------------------+---------+
; Enhanced_Processor.vhd           ; yes             ; User VHDL File  ; D:/Engineering/AASTMT/Engineering s(5)/Computer Architecture/resourses/mazen_thingy-main/Enhanced_Processor.vhd ;         ;
; ALU.vhd                          ; yes             ; User VHDL File  ; D:/Engineering/AASTMT/Engineering s(5)/Computer Architecture/resourses/mazen_thingy-main/ALU.vhd                ;         ;
; Memory.vhd                       ; yes             ; User VHDL File  ; D:/Engineering/AASTMT/Engineering s(5)/Computer Architecture/resourses/mazen_thingy-main/Memory.vhd             ;         ;
+----------------------------------+-----------------+-----------------+-----------------------------------------------------------------------------------------------------------------+---------+


+---------------------------------------------------------+
; Analysis & Synthesis Resource Usage Summary             ;
+---------------------------------------------+-----------+
; Resource                                    ; Usage     ;
+---------------------------------------------+-----------+
; Estimated Total logic elements              ; 101       ;
;                                             ;           ;
; Total combinational functions               ; 98        ;
; Logic element usage by number of LUT inputs ;           ;
;     -- 4 input functions                    ; 23        ;
;     -- 3 input functions                    ; 40        ;
;     -- <=2 input functions                  ; 35        ;
;                                             ;           ;
; Logic elements by mode                      ;           ;
;     -- normal mode                          ; 71        ;
;     -- arithmetic mode                      ; 27        ;
;                                             ;           ;
; Total registers                             ; 53        ;
;     -- Dedicated logic registers            ; 53        ;
;     -- I/O registers                        ; 0         ;
;                                             ;           ;
; I/O pins                                    ; 34        ;
;                                             ;           ;
; Embedded Multiplier 9-bit elements          ; 0         ;
;                                             ;           ;
; Maximum fan-out node                        ; CLK~input ;
; Maximum fan-out                             ; 53        ;
; Total fan-out                               ; 530       ;
; Average fan-out                             ; 2.42      ;
+---------------------------------------------+-----------+


+-------------------------------------------------------------------------------------------------------------------------------------------------------------------------------------------------------------------------------------------------------------------+
; Analysis & Synthesis Resource Utilization by Entity                                                                                                                                                                                                               ;
+-----------------------------+---------------------+---------------------------+-------------+------------+--------------+---------+-----------+------+--------------+------------+--------------------------------------------+--------------------+--------------+
; Compilation Hierarchy Node  ; Combinational ALUTs ; Dedicated Logic Registers ; Memory Bits ; UFM Blocks ; DSP Elements ; DSP 9x9 ; DSP 18x18 ; Pins ; Virtual Pins ; ADC blocks ; Full Hierarchy Name                        ; Entity Name        ; Library Name ;
+-----------------------------+---------------------+---------------------------+-------------+------------+--------------+---------+-----------+------+--------------+------------+--------------------------------------------+--------------------+--------------+
; |Enhanced_Processor         ; 98 (44)             ; 53 (53)                   ; 0           ; 0          ; 0            ; 0       ; 0         ; 34   ; 0            ; 0          ; |Enhanced_Processor                        ; Enhanced_Processor ; work         ;
;    |ALU:ALU_INSTANCE|       ; 40 (40)             ; 0 (0)                     ; 0           ; 0          ; 0            ; 0       ; 0         ; 0    ; 0            ; 0          ; |Enhanced_Processor|ALU:ALU_INSTANCE       ; ALU                ; work         ;
;    |MEMORY:MEMORY_INSTANCE| ; 14 (14)             ; 0 (0)                     ; 0           ; 0          ; 0            ; 0       ; 0         ; 0    ; 0            ; 0          ; |Enhanced_Processor|MEMORY:MEMORY_INSTANCE ; MEMORY             ; work         ;
+-----------------------------+---------------------+---------------------------+-------------+------------+--------------+---------+-----------+------+--------------+------------+--------------------------------------------+--------------------+--------------+
Note: For table entries with two numbers listed, the numbers in parentheses indicate the number of resources of the given type used by the specific entity alone. The numbers listed outside of parentheses indicate the total resources of the given type used by the specific entity and all of its sub-entities in the hierarchy.


+---------------------------------------------------------------------------------+
; Registers Removed During Synthesis                                              ;
+----------------------------------------+----------------------------------------+
; Register name                          ; Reason for Removal                     ;
+----------------------------------------+----------------------------------------+
; ALU_EN                                 ; Lost fanout                            ;
; IR[5..11,15]                           ; Stuck at GND due to stuck port data_in ;
; OpCode[3]                              ; Stuck at GND due to stuck port data_in ;
; IR[4]                                  ; Merged with IR[2]                      ;
; Total Number of Removed Registers = 11 ;                                        ;
+----------------------------------------+----------------------------------------+


+------------------------------------------------------------------------------------+
; Removed Registers Triggering Further Register Optimizations                        ;
+---------------+---------------------------+----------------------------------------+
; Register name ; Reason for Removal        ; Registers Removed due to This Register ;
+---------------+---------------------------+----------------------------------------+
; IR[15]        ; Stuck at GND              ; OpCode[3]                              ;
;               ; due to stuck port data_in ;                                        ;
+---------------+---------------------------+----------------------------------------+


+------------------------------------------------------+
; General Register Statistics                          ;
+----------------------------------------------+-------+
; Statistic                                    ; Value ;
+----------------------------------------------+-------+
; Total registers                              ; 53    ;
; Number of registers using Synchronous Clear  ; 0     ;
; Number of registers using Synchronous Load   ; 6     ;
; Number of registers using Asynchronous Clear ; 31    ;
; Number of registers using Asynchronous Load  ; 0     ;
; Number of registers using Clock Enable       ; 50    ;
; Number of registers using Preset             ; 0     ;
+----------------------------------------------+-------+


+--------------------------------------------------+
; Inverted Register Statistics                     ;
+----------------------------------------+---------+
; Inverted Register                      ; Fan out ;
+----------------------------------------+---------+
; PC[2]                                  ; 2       ;
; PC[6]                                  ; 2       ;
; PC[5]                                  ; 2       ;
; Total number of inverted registers = 3 ;         ;
+----------------------------------------+---------+


+---------------------------------------------------------------------------------------------------------------------------------------------------------+
; Multiplexer Restructuring Statistics (Restructuring Performed)                                                                                          ;
+--------------------+-----------+---------------+----------------------+------------------------+------------+-------------------------------------------+
; Multiplexer Inputs ; Bus Width ; Baseline Area ; Area if Restructured ; Saving if Restructured ; Registered ; Example Multiplexer Output                ;
+--------------------+-----------+---------------+----------------------+------------------------+------------+-------------------------------------------+
; 8:1                ; 7 bits    ; 35 LEs        ; 7 LEs                ; 28 LEs                 ; Yes        ; |Enhanced_Processor|Address[7]            ;
; 8:1                ; 5 bits    ; 25 LEs        ; 5 LEs                ; 20 LEs                 ; Yes        ; |Enhanced_Processor|Address[0]            ;
; 6:1                ; 8 bits    ; 32 LEs        ; 8 LEs                ; 24 LEs                 ; Yes        ; |Enhanced_Processor|AC[9]                 ;
; 7:1                ; 2 bits    ; 8 LEs         ; 4 LEs                ; 4 LEs                  ; Yes        ; |Enhanced_Processor|AC[4]                 ;
; 7:1                ; 6 bits    ; 24 LEs        ; 12 LEs               ; 12 LEs                 ; Yes        ; |Enhanced_Processor|AC[0]                 ;
; 1:1                ; 12 bits   ; 0 LEs         ; 0 LEs                ; 0 LEs                  ; No         ; |Enhanced_Processor|ALU:ALU_INSTANCE|Add0 ;
+--------------------+-----------+---------------+----------------------+------------------------+------------+-------------------------------------------+


+----------------------------------------------------+
; Port Connectivity Checks: "MEMORY:MEMORY_INSTANCE" ;
+-----------+-------+----------+---------------------+
; Port      ; Type  ; Severity ; Details             ;
+-----------+-------+----------+---------------------+
; mem_write ; Input ; Info     ; Stuck at GND        ;
+-----------+-------+----------+---------------------+


+-----------------------------------------------------+
; Post-Synthesis Netlist Statistics for Top Partition ;
+-----------------------+-----------------------------+
; Type                  ; Count                       ;
+-----------------------+-----------------------------+
; boundary_port         ; 34                          ;
; cycloneiii_ff         ; 53                          ;
;     CLR               ; 3                           ;
;     ENA               ; 22                          ;
;     ENA CLR           ; 22                          ;
;     ENA CLR SLD       ; 6                           ;
; cycloneiii_lcell_comb ; 98                          ;
;     arith             ; 27                          ;
;         2 data inputs ; 12                          ;
;         3 data inputs ; 15                          ;
;     normal            ; 71                          ;
;         1 data inputs ; 1                           ;
;         2 data inputs ; 22                          ;
;         3 data inputs ; 25                          ;
;         4 data inputs ; 23                          ;
;                       ;                             ;
; Max LUT depth         ; 6.40                        ;
; Average LUT depth     ; 3.68                        ;
+-----------------------+-----------------------------+


+-------------------------------+
; Elapsed Time Per Partition    ;
+----------------+--------------+
; Partition Name ; Elapsed Time ;
+----------------+--------------+
; Top            ; 00:00:00     ;
+----------------+--------------+


+-------------------------------+
; Analysis & Synthesis Messages ;
+-------------------------------+
Info: *******************************************************************
Info: Running Quartus Prime Analysis & Synthesis
    Info: Version 23.1std.1 Build 993 05/14/2024 SC Lite Edition
    Info: Processing started: Wed Jan  8 11:57:31 2025
Info: Command: quartus_map --read_settings_files=on --write_settings_files=off Enhanced_Processor -c Enhanced_Processor
Warning (18236): Number of processors has not been specified which may cause overloading on shared machines.  Set the global assignment NUM_PARALLEL_PROCESSORS in your QSF to an appropriate value for best performance.
Info (20030): Parallel compilation is enabled and will use 14 of the 14 processors detected
Info (12021): Found 2 design units, including 1 entities, in source file enhanced_processor.vhd
    Info (12022): Found design unit 1: Enhanced_Processor-Behavioral File: D:/Engineering/AASTMT/Engineering s(5)/Computer Architecture/resourses/mazen_thingy-main/Enhanced_Processor.vhd Line: 14
    Info (12023): Found entity 1: Enhanced_Processor File: D:/Engineering/AASTMT/Engineering s(5)/Computer Architecture/resourses/mazen_thingy-main/Enhanced_Processor.vhd Line: 5
Info (12021): Found 2 design units, including 1 entities, in source file alu.vhd
    Info (12022): Found design unit 1: ALU-Behavioral_ALU File: D:/Engineering/AASTMT/Engineering s(5)/Computer Architecture/resourses/mazen_thingy-main/ALU.vhd Line: 15
    Info (12023): Found entity 1: ALU File: D:/Engineering/AASTMT/Engineering s(5)/Computer Architecture/resourses/mazen_thingy-main/ALU.vhd Line: 5
Info (12021): Found 2 design units, including 1 entities, in source file memory.vhd
    Info (12022): Found design unit 1: MEMORY-Behavioral_MEMORY File: D:/Engineering/AASTMT/Engineering s(5)/Computer Architecture/resourses/mazen_thingy-main/Memory.vhd Line: 15
    Info (12023): Found entity 1: MEMORY File: D:/Engineering/AASTMT/Engineering s(5)/Computer Architecture/resourses/mazen_thingy-main/Memory.vhd Line: 5
Info (12127): Elaborating entity "Enhanced_Processor" for the top level hierarchy
Info (12128): Elaborating entity "ALU" for hierarchy "ALU:ALU_INSTANCE" File: D:/Engineering/AASTMT/Engineering s(5)/Computer Architecture/resourses/mazen_thingy-main/Enhanced_Processor.vhd Line: 74
Info (12128): Elaborating entity "MEMORY" for hierarchy "MEMORY:MEMORY_INSTANCE" File: D:/Engineering/AASTMT/Engineering s(5)/Computer Architecture/resourses/mazen_thingy-main/Enhanced_Processor.vhd Line: 84
Warning (13046): Tri-state node(s) do not directly drive top-level pin(s)
    Warning (13049): Converted tri-state buffer "ALU:ALU_INSTANCE|ALU_OUT[0]" feeding internal logic into a wire File: D:/Engineering/AASTMT/Engineering s(5)/Computer Architecture/resourses/mazen_thingy-main/ALU.vhd Line: 11
    Warning (13049): Converted tri-state buffer "ALU:ALU_INSTANCE|ALU_OUT[1]" feeding internal logic into a wire File: D:/Engineering/AASTMT/Engineering s(5)/Computer Architecture/resourses/mazen_thingy-main/ALU.vhd Line: 11
    Warning (13049): Converted tri-state buffer "ALU:ALU_INSTANCE|ALU_OUT[2]" feeding internal logic into a wire File: D:/Engineering/AASTMT/Engineering s(5)/Computer Architecture/resourses/mazen_thingy-main/ALU.vhd Line: 11
    Warning (13049): Converted tri-state buffer "ALU:ALU_INSTANCE|ALU_OUT[3]" feeding internal logic into a wire File: D:/Engineering/AASTMT/Engineering s(5)/Computer Architecture/resourses/mazen_thingy-main/ALU.vhd Line: 11
    Warning (13049): Converted tri-state buffer "ALU:ALU_INSTANCE|ALU_OUT[4]" feeding internal logic into a wire File: D:/Engineering/AASTMT/Engineering s(5)/Computer Architecture/resourses/mazen_thingy-main/ALU.vhd Line: 11
    Warning (13049): Converted tri-state buffer "ALU:ALU_INSTANCE|ALU_OUT[5]" feeding internal logic into a wire File: D:/Engineering/AASTMT/Engineering s(5)/Computer Architecture/resourses/mazen_thingy-main/ALU.vhd Line: 11
    Warning (13049): Converted tri-state buffer "ALU:ALU_INSTANCE|ALU_OUT[6]" feeding internal logic into a wire File: D:/Engineering/AASTMT/Engineering s(5)/Computer Architecture/resourses/mazen_thingy-main/ALU.vhd Line: 11
    Warning (13049): Converted tri-state buffer "ALU:ALU_INSTANCE|ALU_OUT[7]" feeding internal logic into a wire File: D:/Engineering/AASTMT/Engineering s(5)/Computer Architecture/resourses/mazen_thingy-main/ALU.vhd Line: 11
    Warning (13049): Converted tri-state buffer "ALU:ALU_INSTANCE|ALU_OUT[8]" feeding internal logic into a wire File: D:/Engineering/AASTMT/Engineering s(5)/Computer Architecture/resourses/mazen_thingy-main/ALU.vhd Line: 11
    Warning (13049): Converted tri-state buffer "ALU:ALU_INSTANCE|ALU_OUT[9]" feeding internal logic into a wire File: D:/Engineering/AASTMT/Engineering s(5)/Computer Architecture/resourses/mazen_thingy-main/ALU.vhd Line: 11
    Warning (13049): Converted tri-state buffer "ALU:ALU_INSTANCE|ALU_OUT[10]" feeding internal logic into a wire File: D:/Engineering/AASTMT/Engineering s(5)/Computer Architecture/resourses/mazen_thingy-main/ALU.vhd Line: 11
    Warning (13049): Converted tri-state buffer "ALU:ALU_INSTANCE|ALU_OUT[11]" feeding internal logic into a wire File: D:/Engineering/AASTMT/Engineering s(5)/Computer Architecture/resourses/mazen_thingy-main/ALU.vhd Line: 11
    Warning (13049): Converted tri-state buffer "ALU:ALU_INSTANCE|ALU_OUT[12]" feeding internal logic into a wire File: D:/Engineering/AASTMT/Engineering s(5)/Computer Architecture/resourses/mazen_thingy-main/ALU.vhd Line: 11
    Warning (13049): Converted tri-state buffer "ALU:ALU_INSTANCE|ALU_OUT[13]" feeding internal logic into a wire File: D:/Engineering/AASTMT/Engineering s(5)/Computer Architecture/resourses/mazen_thingy-main/ALU.vhd Line: 11
    Warning (13049): Converted tri-state buffer "ALU:ALU_INSTANCE|ALU_OUT[14]" feeding internal logic into a wire File: D:/Engineering/AASTMT/Engineering s(5)/Computer Architecture/resourses/mazen_thingy-main/ALU.vhd Line: 11
    Warning (13049): Converted tri-state buffer "ALU:ALU_INSTANCE|ALU_OUT[15]" feeding internal logic into a wire File: D:/Engineering/AASTMT/Engineering s(5)/Computer Architecture/resourses/mazen_thingy-main/ALU.vhd Line: 11
Info (276014): Found 1 instances of uninferred RAM logic
    Info (276013): RAM logic "MEMORY:MEMORY_INSTANCE|MEMORY_BLOCK" is uninferred because MIF is not supported for the selected family File: D:/Engineering/AASTMT/Engineering s(5)/Computer Architecture/resourses/mazen_thingy-main/Memory.vhd Line: 17
Info (286030): Timing-Driven Synthesis is running
Info (17049): 1 registers lost all their fanouts during netlist optimizations.
Info (16010): Generating hard_block partition "hard_block:auto_generated_inst"
    Info (16011): Adding 0 node(s), including 0 DDIO, 0 PLL, 0 transceiver and 0 LCELL
Warning (21074): Design contains 16 input pin(s) that do not drive logic
    Warning (15610): No output dependent on input pin "DATA_IN[0]" File: D:/Engineering/AASTMT/Engineering s(5)/Computer Architecture/resourses/mazen_thingy-main/Enhanced_Processor.vhd Line: 9
    Warning (15610): No output dependent on input pin "DATA_IN[1]" File: D:/Engineering/AASTMT/Engineering s(5)/Computer Architecture/resourses/mazen_thingy-main/Enhanced_Processor.vhd Line: 9
    Warning (15610): No output dependent on input pin "DATA_IN[2]" File: D:/Engineering/AASTMT/Engineering s(5)/Computer Architecture/resourses/mazen_thingy-main/Enhanced_Processor.vhd Line: 9
    Warning (15610): No output dependent on input pin "DATA_IN[3]" File: D:/Engineering/AASTMT/Engineering s(5)/Computer Architecture/resourses/mazen_thingy-main/Enhanced_Processor.vhd Line: 9
    Warning (15610): No output dependent on input pin "DATA_IN[4]" File: D:/Engineering/AASTMT/Engineering s(5)/Computer Architecture/resourses/mazen_thingy-main/Enhanced_Processor.vhd Line: 9
    Warning (15610): No output dependent on input pin "DATA_IN[5]" File: D:/Engineering/AASTMT/Engineering s(5)/Computer Architecture/resourses/mazen_thingy-main/Enhanced_Processor.vhd Line: 9
    Warning (15610): No output dependent on input pin "DATA_IN[6]" File: D:/Engineering/AASTMT/Engineering s(5)/Computer Architecture/resourses/mazen_thingy-main/Enhanced_Processor.vhd Line: 9
    Warning (15610): No output dependent on input pin "DATA_IN[7]" File: D:/Engineering/AASTMT/Engineering s(5)/Computer Architecture/resourses/mazen_thingy-main/Enhanced_Processor.vhd Line: 9
    Warning (15610): No output dependent on input pin "DATA_IN[8]" File: D:/Engineering/AASTMT/Engineering s(5)/Computer Architecture/resourses/mazen_thingy-main/Enhanced_Processor.vhd Line: 9
    Warning (15610): No output dependent on input pin "DATA_IN[9]" File: D:/Engineering/AASTMT/Engineering s(5)/Computer Architecture/resourses/mazen_thingy-main/Enhanced_Processor.vhd Line: 9
    Warning (15610): No output dependent on input pin "DATA_IN[10]" File: D:/Engineering/AASTMT/Engineering s(5)/Computer Architecture/resourses/mazen_thingy-main/Enhanced_Processor.vhd Line: 9
    Warning (15610): No output dependent on input pin "DATA_IN[11]" File: D:/Engineering/AASTMT/Engineering s(5)/Computer Architecture/resourses/mazen_thingy-main/Enhanced_Processor.vhd Line: 9
    Warning (15610): No output dependent on input pin "DATA_IN[12]" File: D:/Engineering/AASTMT/Engineering s(5)/Computer Architecture/resourses/mazen_thingy-main/Enhanced_Processor.vhd Line: 9
    Warning (15610): No output dependent on input pin "DATA_IN[13]" File: D:/Engineering/AASTMT/Engineering s(5)/Computer Architecture/resourses/mazen_thingy-main/Enhanced_Processor.vhd Line: 9
    Warning (15610): No output dependent on input pin "DATA_IN[14]" File: D:/Engineering/AASTMT/Engineering s(5)/Computer Architecture/resourses/mazen_thingy-main/Enhanced_Processor.vhd Line: 9
    Warning (15610): No output dependent on input pin "DATA_IN[15]" File: D:/Engineering/AASTMT/Engineering s(5)/Computer Architecture/resourses/mazen_thingy-main/Enhanced_Processor.vhd Line: 9
Info (21057): Implemented 142 device resources after synthesis - the final resource count might be different
    Info (21058): Implemented 18 input pins
    Info (21059): Implemented 16 output pins
    Info (21061): Implemented 108 logic cells
Info: Quartus Prime Analysis & Synthesis was successful. 0 errors, 35 warnings
    Info: Peak virtual memory: 4919 megabytes
    Info: Processing ended: Wed Jan  8 11:57:43 2025
    Info: Elapsed time: 00:00:12
    Info: Total CPU time (on all processors): 00:00:28


